<?xml version="1.0" encoding="UTF-8"?>
<!-- Generated by org.testng.reporters.JUnitReportReporter -->
<testsuite hostname="Jeenamanu" failures="0" tests="1" name="TestNGPackage.NewTestNG" time="14.899" errors="0" timestamp="2023-06-30T06:03:02 NZST" skipped="0">
  <testcase classname="TestNGPackage.NewTestNG" name="f" time="14.899"/>
</testsuite> <!-- TestNGPackage.NewTestNG -->
